


ARM Macro Assembler    Page 1 


    1 00000000         ; gpio.s
    2 00000000         ; Desenvolvido para a placa EK-TM4C1294XL
    3 00000000         ; Prof. Guilherme Peron
    4 00000000         ; Ver 1 19/03/2018
    5 00000000         ; Ver 2 26/08/2018
    6 00000000         
    7 00000000         ; ------------------------------------------------------
                       -------------------------
    8 00000000                 THUMB                        ; Instruções do tip
                                                            o Thumb-2
    9 00000000         ; ------------------------------------------------------
                       -------------------------
   10 00000000         ; Declarações EQU - Defines
   11 00000000         ; ========================
   12 00000000         ; ========================
   13 00000000         ; Definições dos Registradores Gerais
   14 00000000 400FE608 
                       SYSCTL_RCGCGPIO_R
                               EQU              0x400FE608
   15 00000000 400FEA08 
                       SYSCTL_PRGPIO_R
                               EQU              0x400FEA08
   16 00000000         ; ========================
   17 00000000         ; Definições dos Ports
   18 00000000         ; PORT J
   19 00000000 40060520 
                       GPIO_PORTJ_AHB_LOCK_R
                               EQU              0x40060520
   20 00000000 40060524 
                       GPIO_PORTJ_AHB_CR_R
                               EQU              0x40060524
   21 00000000 40060528 
                       GPIO_PORTJ_AHB_AMSEL_R
                               EQU              0x40060528
   22 00000000 4006052C 
                       GPIO_PORTJ_AHB_PCTL_R
                               EQU              0x4006052C
   23 00000000 40060400 
                       GPIO_PORTJ_AHB_DIR_R
                               EQU              0x40060400
   24 00000000 40060420 
                       GPIO_PORTJ_AHB_AFSEL_R
                               EQU              0x40060420
   25 00000000 4006051C 
                       GPIO_PORTJ_AHB_DEN_R
                               EQU              0x4006051C
   26 00000000 40060510 
                       GPIO_PORTJ_AHB_PUR_R
                               EQU              0x40060510
   27 00000000 400603FC 
                       GPIO_PORTJ_AHB_DATA_R
                               EQU              0x400603FC
   28 00000000 00000100 
                       GPIO_PORTJ
                               EQU              2_000000100000000
   29 00000000         ; PORT N
   30 00000000 40064520 
                       GPIO_PORTN_AHB_LOCK_R
                               EQU              0x40064520



ARM Macro Assembler    Page 2 


   31 00000000 40064524 
                       GPIO_PORTN_AHB_CR_R
                               EQU              0x40064524
   32 00000000 40064528 
                       GPIO_PORTN_AHB_AMSEL_R
                               EQU              0x40064528
   33 00000000 4006452C 
                       GPIO_PORTN_AHB_PCTL_R
                               EQU              0x4006452C
   34 00000000 40064400 
                       GPIO_PORTN_AHB_DIR_R
                               EQU              0x40064400
   35 00000000 40064420 
                       GPIO_PORTN_AHB_AFSEL_R
                               EQU              0x40064420
   36 00000000 4006451C 
                       GPIO_PORTN_AHB_DEN_R
                               EQU              0x4006451C
   37 00000000 40064510 
                       GPIO_PORTN_AHB_PUR_R
                               EQU              0x40064510
   38 00000000 400643FC 
                       GPIO_PORTN_AHB_DATA_R
                               EQU              0x400643FC
   39 00000000 00001000 
                       GPIO_PORTN
                               EQU              2_001000000000000
   40 00000000         ; PORT F
   41 00000000 4005D520 
                       GPIO_PORTF_AHB_LOCK_R
                               EQU              0x4005D520
   42 00000000 4005D524 
                       GPIO_PORTF_AHB_CR_R
                               EQU              0x4005D524
   43 00000000 4005D528 
                       GPIO_PORTF_AHB_AMSEL_R
                               EQU              0x4005D528
   44 00000000 4005D52C 
                       GPIO_PORTF_AHB_PCTL_R
                               EQU              0x4005D52C
   45 00000000 4005D400 
                       GPIO_PORTF_AHB_DIR_R
                               EQU              0x4005D400
   46 00000000 4005D420 
                       GPIO_PORTF_AHB_AFSEL_R
                               EQU              0x4005D420
   47 00000000 4005D51C 
                       GPIO_PORTF_AHB_DEN_R
                               EQU              0x4005D51C
   48 00000000 4005D510 
                       GPIO_PORTF_AHB_PUR_R
                               EQU              0x4005D510
   49 00000000 4005D3FC 
                       GPIO_PORTF_AHB_DATA_R
                               EQU              0x4005D3FC
   50 00000000 00000020 
                       GPIO_PORTF
                               EQU              2_000000000100000
   51 00000000         



ARM Macro Assembler    Page 3 


   52 00000000         
   53 00000000         ; ------------------------------------------------------
                       -------------------------
   54 00000000         ; Área de Código - Tudo abaixo da diretiva a seguir será
                        armazenado na memória de 
   55 00000000         ;                  código
   56 00000000                 AREA             |.text|, CODE, READONLY, ALIGN=
2
   57 00000000         
   58 00000000         ; Se alguma função do arquivo for chamada em outro arqui
                       vo 
   59 00000000                 EXPORT           GPIO_Init   ; Permite chamar GP
                                                            IO_Init de outro ar
                                                            quivo
   60 00000000                 EXPORT           PortJ_Input
   61 00000000                 EXPORT           Port_Output
   62 00000000         ; ****************************************
   63 00000000         ; Exportar as funções usadas em outros arquivos
   64 00000000         ; ****************************************
   65 00000000         
   66 00000000         GPIO_Init
   67 00000000         ;=====================
   68 00000000         ; ****************************************
   69 00000000         ; Escrever função de inicialização dos GPIO
   70 00000000         ; Inicializar as portas J e N
   71 00000000         ; ****************************************
   72 00000000         ; 1. Ativar o clock para a porta setando o bit correspon
                       dente no registrador RCGCGPIO,
   73 00000000         ; após isso verificar no PRGPIO se a porta está pronta p
                       ara uso.
   74 00000000         ; enable clock to GPIOF at clock gating register
   75 00000000 482E            LDR              R0, =SYSCTL_RCGCGPIO_R ;Carrega
                                                             o endereço do regi
                                                            strador RCGCGPIO
   76 00000002 F44F 5180       MOV              R1, #GPIO_PORTN ;Seta o bit da 
                                                            porta N
   77 00000006 F441 7180       ORR              R1, #GPIO_PORTJ ;Seta o bit da 
                                                            porta J, fazendo co
                                                            m OR
   78 0000000A F041 0120       ORR              R1, #GPIO_PORTF ;Seta o bit da 
                                                            porta F, fazendo co
                                                            m OR
   79 0000000E 6001            STR              R1, [R0]    ;Move para a memóri
                                                            a os bits das porta
                                                            s no endereço do RC
                                                            GCGPIO
   80 00000010         
   81 00000010 482B            LDR              R0, =SYSCTL_PRGPIO_R ;Carrega o
                                                             endereço do PRGPIO
                                                             para esperar os GP
                                                            IO ficarem prontos
   82 00000012 6801    EsperaGPIO
                               LDR              R1, [R0]    ;Lê da memória o co
                                                            nteúdo do endereço 
                                                            do registrador
   83 00000014 F44F 5280       MOV              R2, #GPIO_PORTN ;Seta os bits c
                                                            orrespondentes às p
                                                            ortas para fazer a 
                                                            comparação



ARM Macro Assembler    Page 4 


   84 00000018 F442 7280       ORR              R2, #GPIO_PORTJ ;Seta o bit da 
                                                            porta J, fazendo co
                                                            m OR
   85 0000001C F042 0220       ORR              R2, #GPIO_PORTF
   86 00000020 4211            TST              R1, R2      ;ANDS de R1 com R2
   87 00000022 D0F6            BEQ              EsperaGPIO  ;Se o flag Z=1, vol
                                                            ta para o laço. Sen
                                                            ão continua executa
                                                            ndo
   88 00000024         
   89 00000024         ; 2. Limpar o AMSEL para desabilitar a analógica
   90 00000024 F04F 0100       MOV              R1, #0x00   ;Colocar 0 no regis
                                                            trador para desabil
                                                            itar a função analó
                                                            gica
   91 00000028 4826            LDR              R0, =GPIO_PORTJ_AHB_AMSEL_R ;Ca
                                                            rrega o R0 com o en
                                                            dereço do AMSEL par
                                                            a a porta J
   92 0000002A 6001            STR              R1, [R0]    ;Guarda no registra
                                                            dor AMSEL da porta 
                                                            J da memória
   93 0000002C 4826            LDR              R0, =GPIO_PORTN_AHB_AMSEL_R ;Ca
                                                            rrega o R0 com o en
                                                            dereço do AMSEL par
                                                            a a porta F
   94 0000002E 6001            STR              R1, [R0]    ;Guarda no registra
                                                            dor AMSEL da porta 
                                                            F da memória
   95 00000030 4826            LDR              R0, =GPIO_PORTF_AHB_AMSEL_R ;Ca
                                                            rrega o R0 com o en
                                                            dereço do AMSEL par
                                                            a a porta F
   96 00000032 6001            STR              R1, [R0]    ;Guarda no registra
                                                            dor AMSEL da porta 
                                                            F da memória
   97 00000034         
   98 00000034         ; 3. Limpar PCTL para selecionar o GPIO
   99 00000034 F04F 0100       MOV              R1, #0x00   ;Colocar 0 no regis
                                                            trador para selecio
                                                            nar o modo GPIO
  100 00000038 4825            LDR              R0, =GPIO_PORTJ_AHB_PCTL_R ;Car
                                                            rega o R0 com o end
                                                            ereço do PCTL para 
                                                            a porta J
  101 0000003A 6001            STR              R1, [R0]    ;Guarda no registra
                                                            dor PCTL da porta J
                                                             da memória
  102 0000003C 4825            LDR              R0, =GPIO_PORTN_AHB_PCTL_R ;Car
                                                            rega o R0 com o end
                                                            ereço do PCTL para 
                                                            a porta N
  103 0000003E 6001            STR              R1, [R0]    ;Guarda no registra
                                                            dor PCTL da porta N
                                                             da memória
  104 00000040 4825            LDR              R0, =GPIO_PORTF_AHB_PCTL_R ;Car
                                                            rega o R0 com o end
                                                            ereço do PCTL para 
                                                            a porta N



ARM Macro Assembler    Page 5 


  105 00000042 6001            STR              R1, [R0]    ;Guarda no registra
                                                            dor PCTL da porta N
                                                             da memória
  106 00000044         ; 4. DIR para 0 se for entrada, 1 se for saída
  107 00000044 4825            LDR              R0, =GPIO_PORTN_AHB_DIR_R ;Carr
                                                            ega o R0 com o ende
                                                            reço do DIR para a 
                                                            porta F
  108 00000046 F04F 0103       MOV              R1, #2_00000011 
                                                            ;PN1 & PN0 para LED
                                                            
  109 0000004A 6001            STR              R1, [R0]    ;Guarda no registra
                                                            dor
  110 0000004C 4824            LDR              R0, =GPIO_PORTF_AHB_DIR_R ;Carr
                                                            ega o R0 com o ende
                                                            reço do DIR para a 
                                                            porta F
  111 0000004E F04F 0111       MOV              R1, #2_00010001 
                                                            ;PF4 & PF0 para LED
                                                            
  112 00000052 6001            STR              R1, [R0]    ;Guarda no registra
                                                            dor
  113 00000054         ; O certo era verificar os outros bits da PF para não tr
                       ansformar entradas em saídas desnecessárias
  114 00000054 4823            LDR              R0, =GPIO_PORTJ_AHB_DIR_R ;Carr
                                                            ega o R0 com o ende
                                                            reço do DIR para a 
                                                            porta J
  115 00000056 F04F 0100       MOV              R1, #0x00   ;Colocar 0 no regis
                                                            trador DIR para fun
                                                            cionar com saída
  116 0000005A 6001            STR              R1, [R0]    ;Guarda no registra
                                                            dor PCTL da porta J
                                                             da memória
  117 0000005C         ; 5. Limpar os bits AFSEL para 0 para selecionar GPIO 
  118 0000005C         ;    Sem função alternativa
  119 0000005C F04F 0100       MOV              R1, #0x00   ;Colocar o valor 0 
                                                            para não setar funç
                                                            ão alternativa
  120 00000060 4821            LDR              R0, =GPIO_PORTN_AHB_AFSEL_R ;Ca
                                                            rrega o endereço do
                                                             AFSEL da porta N
  121 00000062 6001            STR              R1, [R0]    ;Escreve na porta
  122 00000064 4821            LDR              R0, =GPIO_PORTJ_AHB_AFSEL_R ;Ca
                                                            rrega o endereço do
                                                             AFSEL da porta J
  123 00000066 6001            STR              R1, [R0]    ;Escreve na porta
  124 00000068 4821            LDR              R0, =GPIO_PORTF_AHB_AFSEL_R ;Ca
                                                            rrega o endereço do
                                                             AFSEL da porta J
  125 0000006A 6001            STR              R1, [R0]    ;Escreve na porta
  126 0000006C         ; 6. Setar os bits de DEN para habilitar I/O digital
  127 0000006C 4821            LDR              R0, =GPIO_PORTN_AHB_DEN_R ;Carr
                                                            ega o endereço do D
                                                            EN
  128 0000006E F04F 0103       MOV              R1, #2_00000011 ;Ativa os pinos
                                                             PN0 e PN1 como I/O
                                                             Digital
  129 00000072 6001            STR              R1, [R0]    ;Escreve no registr



ARM Macro Assembler    Page 6 


                                                            ador da memória fun
                                                            cionalidade digital
                                                             
  130 00000074 4820            LDR              R0, =GPIO_PORTF_AHB_DEN_R ;Carr
                                                            ega o endereço do D
                                                            EN
  131 00000076 F04F 0111       MOV              R1, #2_00010001 ;Ativa os pinos
                                                             PN0 e PN1 como I/O
                                                             Digital
  132 0000007A 6001            STR              R1, [R0]    ;Escreve no registr
                                                            ador da memória fun
                                                            cionalidade digital
                                                             
  133 0000007C         
  134 0000007C 481F            LDR              R0, =GPIO_PORTJ_AHB_DEN_R ;Carr
                                                            ega o endereço do D
                                                            EN
  135 0000007E F04F 0103       MOV              R1, #2_00000011 ;Ativa os pinos
                                                             PJ0 e PJ1 como I/O
                                                             Digital      
  136 00000082 6001            STR              R1, [R0]    ;Escreve no registr
                                                            ador da memória fun
                                                            cionalidade digital
                                                            
  137 00000084         
  138 00000084         ; 7. Para habilitar resistor de pull-up interno, setar P
                       UR para 1
  139 00000084 481E            LDR              R0, =GPIO_PORTJ_AHB_PUR_R ;Carr
                                                            ega o endereço do P
                                                            UR para a porta J
  140 00000086 F04F 0103       MOV              R1, #2_00000011 ;Habilitar func
                                                            ionalidade digital 
                                                            de resistor de pull
                                                            -up 
  141 0000008A         ;nos bits 0 e 1
  142 0000008A 6001            STR              R1, [R0]    ;Escreve no registr
                                                            ador da memória do 
                                                            resistor de pull-up
                                                            
  143 0000008C         
  144 0000008C         ;retorno            
  145 0000008C 4770            BX               LR
  146 0000008E         
  147 0000008E         
  148 0000008E         Port_Output
  149 0000008E         ; ****************************************
  150 0000008E         ; Escrever função que acende ou apaga o LED
  151 0000008E         ; ****************************************
  152 0000008E 491D            LDR              R1, =GPIO_PORTN_AHB_DATA_R ;Car
                                                            rega o valor do off
                                                            set do data registe
                                                            r
  153 00000090         ;Read-Modify-Write para escrita
  154 00000090 680A            LDR              R2, [R1]
  155 00000092 F022 0203       BIC              R2, #2_00000011 ;Primeiro limpa
                                                            mos os dois bits do
                                                             lido da porta R2 =
                                                             R2 & 11101110
  156 00000096 EA42 0390       ORR              R3, R2, R0, LSR #2 ;Fazer o OR 



ARM Macro Assembler    Page 7 


                                                            do lido pela porta 
                                                            com o parâmetro de 
                                                            entrada
  157 0000009A 600B            STR              R3, [R1]    ;Escreve na porta F
                                                             o barramento de da
                                                            dos dos pinos F4 e 
                                                            F0
  158 0000009C         
  159 0000009C         ; ****************************************
  160 0000009C         ; Escrever função que acende ou apaga o LED
  161 0000009C         ; ****************************************
  162 0000009C 491A            LDR              R1, =GPIO_PORTF_AHB_DATA_R ;Car
                                                            rega o valor do off
                                                            set do data registe
                                                            r
  163 0000009E         ;Read-Modify-Write para escrita
  164 0000009E 680A            LDR              R2, [R1]
  165 000000A0 F022 0211       BIC              R2, #2_00010001 ;Primeiro limpa
                                                            mos os dois bits do
                                                             lido da porta R2 =
                                                             R2 & 11101110
  166 000000A4         
  167 000000A4 EA40 00C0       ORR              R0, R0, R0, LSL #3
  168 000000A8 F000 0011       AND              R0, R0, #2_00010001
  169 000000AC         
  170 000000AC EA40 0302       ORR              R3, R0, R2  ;Fazer o OR do lido
                                                             pela porta com o p
                                                            arâmetro de entrada
                                                            
  171 000000B0 600B            STR              R3, [R1]    ;Escreve na porta F
                                                             o barramento de da
                                                            dos dos pinos F4 e 
                                                            F0
  172 000000B2         
  173 000000B2 4770            BX               LR          ;Retorno
  174 000000B4         
  175 000000B4         ; ------------------------------------------------------
                       -------------------------
  176 000000B4         ; Função PortJ_Input
  177 000000B4         ; Parâmetro de entrada: Não tem
  178 000000B4         ; Parâmetro de saída: R0 --> o valor da leitura
  179 000000B4         PortJ_Input
  180 000000B4         ; ****************************************
  181 000000B4         ; Escrever função que lê a chave e retorna 
  182 000000B4         ; um registrador se está ativada ou não
  183 000000B4         ; ****************************************
  184 000000B4 4915            LDR              R1, =GPIO_PORTJ_AHB_DATA_R ;Car
                                                            rega o valor do off
                                                            set do data registe
                                                            r
  185 000000B6 6808            LDR              R0, [R1]    ;Lê no barramento d
                                                            e dados dos pinos [
                                                            J1-J0]
  186 000000B8 4770            BX               LR
  187 000000BA         
  188 000000BA         
  189 000000BA         
  190 000000BA         
  191 000000BA         



ARM Macro Assembler    Page 8 


  192 000000BA         
  193 000000BA         
  194 000000BA 00 00           ALIGN                        ; garante que o fim
                                                             da seção está alin
                                                            hada 
  195 000000BC                 END                          ; fim do arquivo
              400FE608 
              400FEA08 
              40060528 
              40064528 
              4005D528 
              4006052C 
              4006452C 
              4005D52C 
              40064400 
              4005D400 
              40060400 
              40064420 
              40060420 
              4005D420 
              4006451C 
              4005D51C 
              4006051C 
              40060510 
              400643FC 
              4005D3FC 
              400603FC 
Command Line: --debug --xref --diag_suppress=9931 --cpu=Cortex-M4.fp.sp --apcs=
interwork --depend=.\objects\gpio.d -o.\objects\gpio.o -IC:\Users\moise\AppData
\Local\Arm\Packs\Keil\TM4C_DFP\1.1.0\Device\Include\TM4C129 -ID:\KEIL\ARM\CMSIS
\Include --predefine="__EVAL SETA 1" --predefine="__UVISION_VERSION SETA 531" -
-predefine="TM4C1294NCPDT SETA 1" --list=.\listings\gpio.lst gpio.s



ARM Macro Assembler    Page 1 Alphabetic symbol ordering
Relocatable symbols

.text 00000000

Symbol: .text
   Definitions
      At line 56 in file gpio.s
   Uses
      None
Comment: .text unused
EsperaGPIO 00000012

Symbol: EsperaGPIO
   Definitions
      At line 82 in file gpio.s
   Uses
      At line 87 in file gpio.s
Comment: EsperaGPIO used once
GPIO_Init 00000000

Symbol: GPIO_Init
   Definitions
      At line 66 in file gpio.s
   Uses
      At line 59 in file gpio.s
Comment: GPIO_Init used once
PortJ_Input 000000B4

Symbol: PortJ_Input
   Definitions
      At line 179 in file gpio.s
   Uses
      At line 60 in file gpio.s
Comment: PortJ_Input used once
Port_Output 0000008E

Symbol: Port_Output
   Definitions
      At line 148 in file gpio.s
   Uses
      At line 61 in file gpio.s
Comment: Port_Output used once
5 symbols



ARM Macro Assembler    Page 1 Alphabetic symbol ordering
Absolute symbols

GPIO_PORTF 00000020

Symbol: GPIO_PORTF
   Definitions
      At line 50 in file gpio.s
   Uses
      At line 78 in file gpio.s
      At line 85 in file gpio.s

GPIO_PORTF_AHB_AFSEL_R 4005D420

Symbol: GPIO_PORTF_AHB_AFSEL_R
   Definitions
      At line 46 in file gpio.s
   Uses
      At line 124 in file gpio.s
Comment: GPIO_PORTF_AHB_AFSEL_R used once
GPIO_PORTF_AHB_AMSEL_R 4005D528

Symbol: GPIO_PORTF_AHB_AMSEL_R
   Definitions
      At line 43 in file gpio.s
   Uses
      At line 95 in file gpio.s
Comment: GPIO_PORTF_AHB_AMSEL_R used once
GPIO_PORTF_AHB_CR_R 4005D524

Symbol: GPIO_PORTF_AHB_CR_R
   Definitions
      At line 42 in file gpio.s
   Uses
      None
Comment: GPIO_PORTF_AHB_CR_R unused
GPIO_PORTF_AHB_DATA_R 4005D3FC

Symbol: GPIO_PORTF_AHB_DATA_R
   Definitions
      At line 49 in file gpio.s
   Uses
      At line 162 in file gpio.s
Comment: GPIO_PORTF_AHB_DATA_R used once
GPIO_PORTF_AHB_DEN_R 4005D51C

Symbol: GPIO_PORTF_AHB_DEN_R
   Definitions
      At line 47 in file gpio.s
   Uses
      At line 130 in file gpio.s
Comment: GPIO_PORTF_AHB_DEN_R used once
GPIO_PORTF_AHB_DIR_R 4005D400

Symbol: GPIO_PORTF_AHB_DIR_R
   Definitions
      At line 45 in file gpio.s
   Uses
      At line 110 in file gpio.s
Comment: GPIO_PORTF_AHB_DIR_R used once
GPIO_PORTF_AHB_LOCK_R 4005D520




ARM Macro Assembler    Page 2 Alphabetic symbol ordering
Absolute symbols

Symbol: GPIO_PORTF_AHB_LOCK_R
   Definitions
      At line 41 in file gpio.s
   Uses
      None
Comment: GPIO_PORTF_AHB_LOCK_R unused
GPIO_PORTF_AHB_PCTL_R 4005D52C

Symbol: GPIO_PORTF_AHB_PCTL_R
   Definitions
      At line 44 in file gpio.s
   Uses
      At line 104 in file gpio.s
Comment: GPIO_PORTF_AHB_PCTL_R used once
GPIO_PORTF_AHB_PUR_R 4005D510

Symbol: GPIO_PORTF_AHB_PUR_R
   Definitions
      At line 48 in file gpio.s
   Uses
      None
Comment: GPIO_PORTF_AHB_PUR_R unused
GPIO_PORTJ 00000100

Symbol: GPIO_PORTJ
   Definitions
      At line 28 in file gpio.s
   Uses
      At line 77 in file gpio.s
      At line 84 in file gpio.s

GPIO_PORTJ_AHB_AFSEL_R 40060420

Symbol: GPIO_PORTJ_AHB_AFSEL_R
   Definitions
      At line 24 in file gpio.s
   Uses
      At line 122 in file gpio.s
Comment: GPIO_PORTJ_AHB_AFSEL_R used once
GPIO_PORTJ_AHB_AMSEL_R 40060528

Symbol: GPIO_PORTJ_AHB_AMSEL_R
   Definitions
      At line 21 in file gpio.s
   Uses
      At line 91 in file gpio.s
Comment: GPIO_PORTJ_AHB_AMSEL_R used once
GPIO_PORTJ_AHB_CR_R 40060524

Symbol: GPIO_PORTJ_AHB_CR_R
   Definitions
      At line 20 in file gpio.s
   Uses
      None
Comment: GPIO_PORTJ_AHB_CR_R unused
GPIO_PORTJ_AHB_DATA_R 400603FC

Symbol: GPIO_PORTJ_AHB_DATA_R
   Definitions



ARM Macro Assembler    Page 3 Alphabetic symbol ordering
Absolute symbols

      At line 27 in file gpio.s
   Uses
      At line 184 in file gpio.s
Comment: GPIO_PORTJ_AHB_DATA_R used once
GPIO_PORTJ_AHB_DEN_R 4006051C

Symbol: GPIO_PORTJ_AHB_DEN_R
   Definitions
      At line 25 in file gpio.s
   Uses
      At line 134 in file gpio.s
Comment: GPIO_PORTJ_AHB_DEN_R used once
GPIO_PORTJ_AHB_DIR_R 40060400

Symbol: GPIO_PORTJ_AHB_DIR_R
   Definitions
      At line 23 in file gpio.s
   Uses
      At line 114 in file gpio.s
Comment: GPIO_PORTJ_AHB_DIR_R used once
GPIO_PORTJ_AHB_LOCK_R 40060520

Symbol: GPIO_PORTJ_AHB_LOCK_R
   Definitions
      At line 19 in file gpio.s
   Uses
      None
Comment: GPIO_PORTJ_AHB_LOCK_R unused
GPIO_PORTJ_AHB_PCTL_R 4006052C

Symbol: GPIO_PORTJ_AHB_PCTL_R
   Definitions
      At line 22 in file gpio.s
   Uses
      At line 100 in file gpio.s
Comment: GPIO_PORTJ_AHB_PCTL_R used once
GPIO_PORTJ_AHB_PUR_R 40060510

Symbol: GPIO_PORTJ_AHB_PUR_R
   Definitions
      At line 26 in file gpio.s
   Uses
      At line 139 in file gpio.s
Comment: GPIO_PORTJ_AHB_PUR_R used once
GPIO_PORTN 00001000

Symbol: GPIO_PORTN
   Definitions
      At line 39 in file gpio.s
   Uses
      At line 76 in file gpio.s
      At line 83 in file gpio.s

GPIO_PORTN_AHB_AFSEL_R 40064420

Symbol: GPIO_PORTN_AHB_AFSEL_R
   Definitions
      At line 35 in file gpio.s
   Uses



ARM Macro Assembler    Page 4 Alphabetic symbol ordering
Absolute symbols

      At line 120 in file gpio.s
Comment: GPIO_PORTN_AHB_AFSEL_R used once
GPIO_PORTN_AHB_AMSEL_R 40064528

Symbol: GPIO_PORTN_AHB_AMSEL_R
   Definitions
      At line 32 in file gpio.s
   Uses
      At line 93 in file gpio.s
Comment: GPIO_PORTN_AHB_AMSEL_R used once
GPIO_PORTN_AHB_CR_R 40064524

Symbol: GPIO_PORTN_AHB_CR_R
   Definitions
      At line 31 in file gpio.s
   Uses
      None
Comment: GPIO_PORTN_AHB_CR_R unused
GPIO_PORTN_AHB_DATA_R 400643FC

Symbol: GPIO_PORTN_AHB_DATA_R
   Definitions
      At line 38 in file gpio.s
   Uses
      At line 152 in file gpio.s
Comment: GPIO_PORTN_AHB_DATA_R used once
GPIO_PORTN_AHB_DEN_R 4006451C

Symbol: GPIO_PORTN_AHB_DEN_R
   Definitions
      At line 36 in file gpio.s
   Uses
      At line 127 in file gpio.s
Comment: GPIO_PORTN_AHB_DEN_R used once
GPIO_PORTN_AHB_DIR_R 40064400

Symbol: GPIO_PORTN_AHB_DIR_R
   Definitions
      At line 34 in file gpio.s
   Uses
      At line 107 in file gpio.s
Comment: GPIO_PORTN_AHB_DIR_R used once
GPIO_PORTN_AHB_LOCK_R 40064520

Symbol: GPIO_PORTN_AHB_LOCK_R
   Definitions
      At line 30 in file gpio.s
   Uses
      None
Comment: GPIO_PORTN_AHB_LOCK_R unused
GPIO_PORTN_AHB_PCTL_R 4006452C

Symbol: GPIO_PORTN_AHB_PCTL_R
   Definitions
      At line 33 in file gpio.s
   Uses
      At line 102 in file gpio.s
Comment: GPIO_PORTN_AHB_PCTL_R used once
GPIO_PORTN_AHB_PUR_R 40064510



ARM Macro Assembler    Page 5 Alphabetic symbol ordering
Absolute symbols


Symbol: GPIO_PORTN_AHB_PUR_R
   Definitions
      At line 37 in file gpio.s
   Uses
      None
Comment: GPIO_PORTN_AHB_PUR_R unused
SYSCTL_PRGPIO_R 400FEA08

Symbol: SYSCTL_PRGPIO_R
   Definitions
      At line 15 in file gpio.s
   Uses
      At line 81 in file gpio.s
Comment: SYSCTL_PRGPIO_R used once
SYSCTL_RCGCGPIO_R 400FE608

Symbol: SYSCTL_RCGCGPIO_R
   Definitions
      At line 14 in file gpio.s
   Uses
      At line 75 in file gpio.s
Comment: SYSCTL_RCGCGPIO_R used once
32 symbols
373 symbols in table
