


ARM Macro Assembler    Page 1 


    1 00000000         
    2 00000000         
    3 00000000         
    4 00000000                 AREA             |.text|, CODE, READONLY, ALIGN=
2
    5 00000000                 THUMB                        ; Instruções do tip
                                                            o Thumb-2
    6 00000000         
    7 00000000         ; Se alguma função do arquivo for chamada em outro arqui
                       vo 
    8 00000000                 EXPORT           InterruptInit ; Permite chamar 
                                                            GPIO_Init de outro 
                                                            arquivo
    9 00000000         ;EXPORT GPIOPortJ_Handler
   10 00000000         
   11 00000000         InterruptInit
   12 00000000         
   13 00000000 4817            LDR              R0, =0x40060410 ; GPIO_PORTJ_AH
                                                            B_IM_R
   14 00000002 6801            LDR              R1, [R0]
   15 00000004 F021 0103       BIC              R1, R1, #2_11 ; DESATIVANDO INT
                                                            ERRUPT NAS PORTAS J
                                                            0 E J1
   16 00000008 6001            STR              R1, [R0]
   17 0000000A         
   18 0000000A 4816            LDR              R0, =0x40060404 ; SETANDO AS PO
                                                            RTAS J0 E J1 SENSIV
                                                            EIS A BORDA - GPIO_
                                                            PORTJ_AHB_IS_R
   19 0000000C 6801            LDR              R1, [R0]
   20 0000000E F021 0103       BIC              R1, R1, #2_11
   21 00000012 6001            STR              R1, [R0]
   22 00000014         
   23 00000014 4814            LDR              R0, =0x40060408 ; SETANDO 1 BOR
                                                            DA DE INTERRUPT PAR
                                                            A PORTAS J0 E J1 - 
                                                            GPIO_PORTJ_AHB_IBE_
                                                            R
   24 00000016 6801            LDR              R1, [R0]
   25 00000018 F021 0103       BIC              R1, R1, #2_11
   26 0000001C 6001            STR              R1, [R0]
   27 0000001E         
   28 0000001E 4813            LDR              R0, =0x4006040C ; SETANDO AS PO
                                                            RTAS J0 COMO BORDA 
                                                            DE SUBIDA E J1 COMO
                                                             BORDA DE DESCIDA -
                                                             GPIO_PORTJ_AHB_IEV
                                                            _R
   29 00000020 6801            LDR              R1, [R0]
   30 00000022 F021 0103       BIC              R1, R1, #2_11
   31 00000026 F041 0102       ORR              R1, R1, #2_10
   32 0000002A 6001            STR              R1, [R0]
   33 0000002C         
   34 0000002C 4810            LDR              R0, =0x4006041C ; LIMPANDO INTE
                                                            RRUPTS DAS PORTAS J
                                                            0 E J1 - GPIO_PORTJ
                                                            _AHB_ICR_R
   35 0000002E 6801            LDR              R1, [R0]
   36 00000030 F041 0103       ORR              R1, R1, #2_11



ARM Macro Assembler    Page 2 


   37 00000034 6001            STR              R1, [R0]
   38 00000036         
   39 00000036 480A            LDR              R0, =0x40060410 ; ATIVANDO INTE
                                                            RRUPT NAS PORTAS J0
                                                             E J1 - GPIO_PORTJ_
                                                            AHB_IM_R
   40 00000038 6801            LDR              R1, [R0]
   41 0000003A F041 0103       ORR              R1, R1, #2_11
   42 0000003E 6001            STR              R1, [R0]
   43 00000040         
   44 00000040 480C            LDR              R0, =0xE000E104 ; ATIVAR FONTE 
                                                            DE INTERRUPT NA POR
                                                            TA J
   45 00000042 6801            LDR              R1, [R0]
   46 00000044 F04F 0201       MOV              R2, #1
   47 00000048 EA41 41C2       ORR              R1, R1, R2, LSL#19
   48 0000004C 6001            STR              R1, [R0]
   49 0000004E         
   50 0000004E 480A            LDR              R0, =0xE000E430 ; SETANDO PRIOR
                                                            IDADE - NVIC_EN1_R
   51 00000050 6801            LDR              R1, [R0]
   52 00000052 F04F 0203       MOV              R2, #3
   53 00000056 EA41 7142       ORR              R1, R1, R2, LSL#29
   54 0000005A 6001            STR              R1, [R0]
   55 0000005C         
   56 0000005C 4770            BX               LR
   57 0000005E         
   58 0000005E         ;GPIOPortJ_Handler
   59 0000005E         ;   
   60 0000005E         ;  LDR R0, =0x40060414     ; LENDO GPIORIS - GPIO_PORTJ_
                       AHB_RIS_R
   61 0000005E         ;  LDR R1, [R0]
   62 0000005E         ;  ANDS R0, R1, #2_001     ; LENDO SE A PORTA J0 TEVE IN
                       TERRUPT, SE NÃO, DA BRANCH
   63 0000005E         ;  
   64 0000005E         ;  PUSH{LR}
   65 0000005E         ;  BL Port_Output
   66 0000005E         ;  POP{LR}
   67 0000005E         ;  
   68 0000005E         ;  LDR R0, =0x4006041C     ; LIMPANDO INTERRUPTS DAS POR
                       TAS J0 E J1 - GPIO_PORTJ_AHB_ICR_R
   69 0000005E         ;  LDR R1, [R0]
   70 0000005E         ;  ORR R1, R1, #2_11
   71 0000005E         ;  MOV R1, #2_11
   72 0000005E         ;  STR R1, [R0]
   73 0000005E         ;  
   74 0000005E         ;  BX LR
   75 0000005E         ;  
   76 0000005E 00 00           ALIGN                        ;Garante que o fim 
                                                            da seção está alinh
                                                            ada 
   77 00000060                 END                          ;Fim do arquivo
              40060410 
              40060404 
              40060408 
              4006040C 
              4006041C 
              E000E104 
              E000E430 



ARM Macro Assembler    Page 3 


Command Line: --debug --xref --diag_suppress=9931 --cpu=Cortex-M4.fp.sp --apcs=
interwork --depend=.\objects\interruptinit.d -o.\objects\interruptinit.o -IC:\U
sers\moise\AppData\Local\Arm\Packs\Keil\TM4C_DFP\1.1.0\Device\Include\TM4C129 -
ID:\KEIL\ARM\CMSIS\Include --predefine="__EVAL SETA 1" --predefine="__UVISION_V
ERSION SETA 531" --predefine="TM4C1294NCPDT SETA 1" --list=.\listings\interrupt
init.lst InterruptInit.s



ARM Macro Assembler    Page 1 Alphabetic symbol ordering
Relocatable symbols

.text 00000000

Symbol: .text
   Definitions
      At line 4 in file InterruptInit.s
   Uses
      None
Comment: .text unused
InterruptInit 00000000

Symbol: InterruptInit
   Definitions
      At line 11 in file InterruptInit.s
   Uses
      At line 8 in file InterruptInit.s
Comment: InterruptInit used once
2 symbols
338 symbols in table
