


ARM Macro Assembler    Page 1 


    1 00000000         
    2 00000000         
    3 00000000         
    4 00000000                 AREA             |.text|, CODE, READONLY, ALIGN=
2
    5 00000000                 THUMB                        ; Instruções do tip
                                                            o Thumb-2
    6 00000000         
    7 00000000         ; Se alguma função do arquivo for chamada em outro arqui
                       vo 
    8 00000000                 EXPORT           InterruptInit ; Permite chamar 
                                                            GPIO_Init de outro 
                                                            arquivo
    9 00000000                 EXPORT           GPIOPortJ_Handler
   10 00000000         
   11 00000000                 IMPORT           Port_Output
   12 00000000         
   13 00000000         InterruptInit
   14 00000000         
   15 00000000         ;  LDR R0, =0x00000014     ; NVIC_DBG_XFER_REG_CFBP
   16 00000000         ;  LDR R1, [R0]
   17 00000000         ;  BIC R1, R1, #1      ; ESCREVENDO 0 NO BIT 1
   18 00000000         ;  STR R1, [R0]
   19 00000000         ;  
   20 00000000         
   21 00000000         
   22 00000000 481F            LDR              R0, =0x40060410 ; GPIO_PORTJ_AH
                                                            B_IM_R
   23 00000002 6801            LDR              R1, [R0]
   24 00000004 F021 0103       BIC              R1, R1, #2_11 ; DESATIVANDO INT
                                                            ERRUPT NAS PORTAS J
                                                            0 E J1
   25 00000008 6001            STR              R1, [R0]
   26 0000000A         
   27 0000000A 481E            LDR              R0, =0x40060404 ; SETANDO AS PO
                                                            RTAS J0 E J1 SENSIV
                                                            EIS A BORDA  GPIO_P
                                                            ORTJ_AHB_IS_R
   28 0000000C 6801            LDR              R1, [R0]
   29 0000000E F021 0103       BIC              R1, R1, #2_11
   30 00000012 6001            STR              R1, [R0]
   31 00000014         
   32 00000014 481C            LDR              R0, =0x40060408 ; SETANDO 1 BOR
                                                            DA DE INTERRUPT PAR
                                                            A PORTAS J0 E J1   
                                                            GPIO_PORTJ_AHB_IBE_
                                                            R
   33 00000016 6801            LDR              R1, [R0]
   34 00000018 F021 0103       BIC              R1, R1, #2_11
   35 0000001C 6001            STR              R1, [R0]
   36 0000001E         
   37 0000001E 481B            LDR              R0, =0x4006040C ; SETANDO AS PO
                                                            RTAS J0 COMO BORDA 
                                                            DE SUBIDA E J1 COMO
                                                             BORDA DE DESCIDA  
                                                               GPIO_PORTJ_AHB_I
                                                            EV_R
   38 00000020 6801            LDR              R1, [R0]
   39 00000022 F021 0103       BIC              R1, R1, #2_11



ARM Macro Assembler    Page 2 


   40 00000026 F041 0102       ORR              R1, R1, #2_10
   41 0000002A 6001            STR              R1, [R0]
   42 0000002C         
   43 0000002C 4818            LDR              R0, =0x4006041C ; LIMPANDO INTE
                                                            RRUPTS DAS PORTAS J
                                                            0 E J1     GPIO_POR
                                                            TJ_AHB_ICR_R
   44 0000002E 6801            LDR              R1, [R0]
   45 00000030 F041 0103       ORR              R1, R1, #2_11
   46 00000034 6001            STR              R1, [R0]
   47 00000036         
   48 00000036 4812            LDR              R0, =0x40060410 ; ATIVANDO INTE
                                                            RRUPT NAS PORTAS J0
                                                             E J1    GPIO_PORTJ
                                                            _AHB_IM_R
   49 00000038 6801            LDR              R1, [R0]
   50 0000003A F041 0103       ORR              R1, R1, #2_11
   51 0000003E 6001            STR              R1, [R0]
   52 00000040         
   53 00000040 4814            LDR              R0, =0xE000E104 ; ATIVAR FONTE 
                                                            DE INTERRUPT NA POR
                                                            TA J
   54 00000042 6801            LDR              R1, [R0]
   55 00000044 F04F 0201       MOV              R2, #1
   56 00000048 EA41 41C2       ORR              R1, R1, R2, LSL#19
   57 0000004C 6001            STR              R1, [R0]
   58 0000004E         
   59 0000004E 4812            LDR              R0, =0xE000E430 ; SETANDO PRIOR
                                                            IDADE   NVIC_EN1_R
   60 00000050 6801            LDR              R1, [R0]
   61 00000052 F04F 0203       MOV              R2, #3
   62 00000056 EA41 7142       ORR              R1, R1, R2, LSL#29
   63 0000005A 6001            STR              R1, [R0]
   64 0000005C         
   65 0000005C         
   66 0000005C         
   67 0000005C 4770            BX               LR
   68 0000005E         
   69 0000005E         
   70 0000005E         GPIOPortJ_Handler
   71 0000005E         
   72 0000005E         
   73 0000005E 480F            LDR              R0, =0x40060414 ; LENDO GPIORIS
                                                                GPIO_PORTJ_AHB_
                                                            RIS_R
   74 00000060 6801            LDR              R1, [R0]
   75 00000062 F011 0001       ANDS             R0, R1, #2_001 ; LENDO SE A POR
                                                            TA J0 TEVE INTERRUP
                                                            T, SE NÃO, DA BRANC
                                                            H
   76 00000066         
   77 00000066 B500            PUSH{LR}
   78 00000068 F7FF FFFE       BL               Port_Output
   79 0000006C F85D EB04       POP{LR}
   80 00000070         
   81 00000070 4807            LDR              R0, =0x4006041C ; LIMPANDO INTE
                                                            RRUPTS DAS PORTAS J
                                                            0 E J1   GPIO_PORTJ
                                                            _AHB_ICR_R



ARM Macro Assembler    Page 3 


   82 00000072 6801            LDR              R1, [R0]
   83 00000074 F041 0103       ORR              R1, R1, #2_11
   84 00000078 F04F 0103       MOV              R1, #2_11
   85 0000007C 6001            STR              R1, [R0]
   86 0000007E         
   87 0000007E 4770            BX               LR
   88 00000080         
   89 00000080         
   90 00000080                 ALIGN                        ;Garante que o fim 
                                                            da seção está alinh
                                                            ada 
   91 00000080                 END                          ;Fim do arquivo
              40060410 
              40060404 
              40060408 
              4006040C 
              4006041C 
              E000E104 
              E000E430 
              40060414 
Command Line: --debug --xref --diag_suppress=9931 --cpu=Cortex-M4.fp.sp --apcs=
interwork --depend=.\objects\interruptinit.d -o.\objects\interruptinit.o -IC:\U
sers\moise\AppData\Local\Arm\Packs\Keil\TM4C_DFP\1.1.0\Device\Include\TM4C129 -
ID:\KEIL\ARM\CMSIS\Include --predefine="__EVAL SETA 1" --predefine="__UVISION_V
ERSION SETA 531" --predefine="TM4C1294NCPDT SETA 1" --list=.\listings\interrupt
init.lst InterruptInit.s



ARM Macro Assembler    Page 1 Alphabetic symbol ordering
Relocatable symbols

.text 00000000

Symbol: .text
   Definitions
      At line 4 in file InterruptInit.s
   Uses
      None
Comment: .text unused
GPIOPortJ_Handler 0000005E

Symbol: GPIOPortJ_Handler
   Definitions
      At line 70 in file InterruptInit.s
   Uses
      At line 9 in file InterruptInit.s
Comment: GPIOPortJ_Handler used once
InterruptInit 00000000

Symbol: InterruptInit
   Definitions
      At line 13 in file InterruptInit.s
   Uses
      At line 8 in file InterruptInit.s
Comment: InterruptInit used once
3 symbols



ARM Macro Assembler    Page 1 Alphabetic symbol ordering
External symbols

Port_Output 00000000

Symbol: Port_Output
   Definitions
      At line 11 in file InterruptInit.s
   Uses
      At line 78 in file InterruptInit.s
Comment: Port_Output used once
1 symbol
340 symbols in table
